<?xml version="1.0" encoding="UTF-8"?>
<!-- Generated by org.testng.reporters.JUnitXMLReporter -->
<testsuite hostname="Ilzat-PC" name="SmokeScenario" tests="2" failures="0" timestamp="16 Jun 2017 01:27:46 GMT" time="0.051" errors="0">
  <testcase name="@BeforeMethod setUP" time="0.0" classname="testCases.VerifyHomePage">
    <failure type="java.lang.NullPointerException">
      <![CDATA[java.lang.NullPointerException
	at dataProvider.ConfigDataProvider.getChromePath(ConfigDataProvider.java:28)
	at factory.BrowserFactory.getBrowser(BrowserFactory.java:17)
	at testCases.VerifyHomePage.setUP(VerifyHomePage.java:19)
... Removed 26 stack frames]]>
    </failure>
  </testcase> <!-- @BeforeMethod setUP -->
  <testcase name="@AfterMethod tearDown" time="0.0" classname="testCases.VerifyHomePage">
    <skipped/>
  </testcase> <!-- @AfterMethod tearDown -->
  <testcase name="@BeforeMethod setUP" time="0.0" classname="testCases.VerifyLoginPage">
    <failure type="java.lang.NullPointerException">
      <![CDATA[java.lang.NullPointerException
	at dataProvider.ConfigDataProvider.getChromePath(ConfigDataProvider.java:28)
	at factory.BrowserFactory.getBrowser(BrowserFactory.java:17)
	at testCases.VerifyLoginPage.setUP(VerifyLoginPage.java:21)
... Removed 26 stack frames]]>
    </failure>
  </testcase> <!-- @BeforeMethod setUP -->
  <testcase name="@AfterMethod tearDown" time="0.0" classname="testCases.VerifyLoginPage">
    <skipped/>
  </testcase> <!-- @AfterMethod tearDown -->
  <testcase name="testHomePage" time="0.002" classname="testCases.VerifyHomePage">
    <skipped/>
  </testcase> <!-- testHomePage -->
  <testcase name="testHomePage" time="0.001" classname="testCases.VerifyLoginPage">
    <skipped/>
  </testcase> <!-- testHomePage -->
</testsuite> <!-- SmokeScenario -->
